  Checking Build System
  CMake does not need to re-run because C:/Users/Admin/Desktop/Ass/pp_2019_autumn/build/CMakeFiles/generate.stamp is up-to-date.
  CMake does not need to re-run because C:/Users/Admin/Desktop/Ass/pp_2019_autumn/build/3rdparty/gtest/CMakeFiles/generate.stamp is up-to-date.
  CMake does not need to re-run because C:/Users/Admin/Desktop/Ass/pp_2019_autumn/build/3rdparty/gtest/googlemock/CMakeFiles/generate.stamp is up-to-date.
  CMake does not need to re-run because C:/Users/Admin/Desktop/Ass/pp_2019_autumn/build/3rdparty/gtest/googletest/CMakeFiles/generate.stamp is up-to-date.
  CMake does not need to re-run because C:/Users/Admin/Desktop/Ass/pp_2019_autumn/build/modules/CMakeFiles/generate.stamp is up-to-date.
  CMake does not need to re-run because C:/Users/Admin/Desktop/Ass/pp_2019_autumn/build/modules/task_1/CMakeFiles/generate.stamp is up-to-date.
  CMake does not need to re-run because C:/Users/Admin/Desktop/Ass/pp_2019_autumn/build/modules/task_1/Antipin_A_scalar_product/CMakeFiles/generate.stamp is up-to-date.
  CMake does not need to re-run because C:/Users/Admin/Desktop/Ass/pp_2019_autumn/build/modules/task_1/andronov_m_min_column_matrix/CMakeFiles/generate.stamp is up-to-date.
  CMake does not need to re-run because C:/Users/Admin/Desktop/Ass/pp_2019_autumn/build/modules/task_1/arisova_a_rectangle_integration/CMakeFiles/generate.stamp is up-to-date.
  CMake does not need to re-run because C:/Users/Admin/Desktop/Ass/pp_2019_autumn/build/modules/task_1/astafeva_i_max_val_in_row/CMakeFiles/generate.stamp is up-to-date.
  CMake does not need to re-run because C:/Users/Admin/Desktop/Ass/pp_2019_autumn/build/modules/task_1/babushkin_a_word_count/CMakeFiles/generate.stamp is up-to-date.
  CMake does not need to re-run because C:/Users/Admin/Desktop/Ass/pp_2019_autumn/build/modules/task_1/bandenkov_d_sum_columns_matrix/CMakeFiles/generate.stamp is up-to-date.
  CMake does not need to re-run because C:/Users/Admin/Desktop/Ass/pp_2019_autumn/build/modules/task_1/boganov_s_trapezoid_integration/CMakeFiles/generate.stamp is up-to-date.
  CMake does not need to re-run because C:/Users/Admin/Desktop/Ass/pp_2019_autumn/build/modules/task_1/denisov_v_count_frequency_char_in_str/CMakeFiles/generate.stamp is up-to-date.
  CMake does not need to re-run because C:/Users/Admin/Desktop/Ass/pp_2019_autumn/build/modules/task_1/devlikamov_v_max_matrix/CMakeFiles/generate.stamp is up-to-date.
  CMake does not need to re-run because C:/Users/Admin/Desktop/Ass/pp_2019_autumn/build/modules/task_1/dudchenko_a_max_vector_value/CMakeFiles/generate.stamp is up-to-date.
  CMake does not need to re-run because C:/Users/Admin/Desktop/Ass/pp_2019_autumn/build/modules/task_1/evdokimov_a_integration_monte_carlo/CMakeFiles/generate.stamp is up-to-date.
  CMake does not need to re-run because C:/Users/Admin/Desktop/Ass/pp_2019_autumn/build/modules/task_1/fedotov_v_mins_in_matrix_rows/CMakeFiles/generate.stamp is up-to-date.
  CMake does not need to re-run because C:/Users/Admin/Desktop/Ass/pp_2019_autumn/build/modules/task_1/gilenkov_a_wrong_order/CMakeFiles/generate.stamp is up-to-date.
  CMake does not need to re-run because C:/Users/Admin/Desktop/Ass/pp_2019_autumn/build/modules/task_1/golovanova_e_min_elem_matrix/CMakeFiles/generate.stamp is up-to-date.
  CMake does not need to re-run because C:/Users/Admin/Desktop/Ass/pp_2019_autumn/build/modules/task_1/golubev_v_method_of_trapezes/CMakeFiles/generate.stamp is up-to-date.
  CMake does not need to re-run because C:/Users/Admin/Desktop/Ass/pp_2019_autumn/build/modules/task_1/golubeva_a_mismatched_items/CMakeFiles/generate.stamp is up-to-date.
  CMake does not need to re-run because C:/Users/Admin/Desktop/Ass/pp_2019_autumn/build/modules/task_1/gribanov_m_vector_difference/CMakeFiles/generate.stamp is up-to-date.
  CMake does not need to re-run because C:/Users/Admin/Desktop/Ass/pp_2019_autumn/build/modules/task_1/guschin_a_word_count/CMakeFiles/generate.stamp is up-to-date.
  CMake does not need to re-run because C:/Users/Admin/Desktop/Ass/pp_2019_autumn/build/modules/task_1/guseva_e_vector_average_value/CMakeFiles/generate.stamp is up-to-date.
  CMake does not need to re-run because C:/Users/Admin/Desktop/Ass/pp_2019_autumn/build/modules/task_1/iamshchikov_i_columns_min/CMakeFiles/generate.stamp is up-to-date.
  CMake does not need to re-run because C:/Users/Admin/Desktop/Ass/pp_2019_autumn/build/modules/task_1/isaev_columns_max/CMakeFiles/generate.stamp is up-to-date.
  CMake does not need to re-run because C:/Users/Admin/Desktop/Ass/pp_2019_autumn/build/modules/task_1/karin_rect_int/CMakeFiles/generate.stamp is up-to-date.
  CMake does not need to re-run because C:/Users/Admin/Desktop/Ass/pp_2019_autumn/build/modules/task_1/khruleva_a_rows_max/CMakeFiles/generate.stamp is up-to-date.
  CMake does not need to re-run because C:/Users/Admin/Desktop/Ass/pp_2019_autumn/build/modules/task_1/khvatov_a_word_count/CMakeFiles/generate.stamp is up-to-date.
  CMake does not need to re-run because C:/Users/Admin/Desktop/Ass/pp_2019_autumn/build/modules/task_1/kolesova_k_close_value_vector/CMakeFiles/generate.stamp is up-to-date.
  CMake does not need to re-run because C:/Users/Admin/Desktop/Ass/pp_2019_autumn/build/modules/task_1/koltyushkina_ya_num_of_elem/CMakeFiles/generate.stamp is up-to-date.
  CMake does not need to re-run because C:/Users/Admin/Desktop/Ass/pp_2019_autumn/build/modules/task_1/kondrina_t_matrix_rows_sum/CMakeFiles/generate.stamp is up-to-date.
  CMake does not need to re-run because C:/Users/Admin/Desktop/Ass/pp_2019_autumn/build/modules/task_1/konnov_s_trapez_integr/CMakeFiles/generate.stamp is up-to-date.
  CMake does not need to re-run because C:/Users/Admin/Desktop/Ass/pp_2019_autumn/build/modules/task_1/kornev_n_most_different_vector_elements/CMakeFiles/generate.stamp is up-to-date.
  CMake does not need to re-run because C:/Users/Admin/Desktop/Ass/pp_2019_autumn/build/modules/task_1/korobeinikov_a_max_in_matrix/CMakeFiles/generate.stamp is up-to-date.
  CMake does not need to re-run because C:/Users/Admin/Desktop/Ass/pp_2019_autumn/build/modules/task_1/koroleva_d_matrix_min_in_line/CMakeFiles/generate.stamp is up-to-date.
  CMake does not need to re-run because C:/Users/Admin/Desktop/Ass/pp_2019_autumn/build/modules/task_1/kriukov_d_monte_karlo_integration/CMakeFiles/generate.stamp is up-to-date.
  CMake does not need to re-run because C:/Users/Admin/Desktop/Ass/pp_2019_autumn/build/modules/task_1/kudryashov_n_vector_min/CMakeFiles/generate.stamp is up-to-date.
  CMake does not need to re-run because C:/Users/Admin/Desktop/Ass/pp_2019_autumn/build/modules/task_1/kukushkina_k_lexicograph/CMakeFiles/generate.stamp is up-to-date.
  CMake does not need to re-run because C:/Users/Admin/Desktop/Ass/pp_2019_autumn/build/modules/task_1/kurakin_m_count_diff_ch/CMakeFiles/generate.stamp is up-to-date.
  CMake does not need to re-run because C:/Users/Admin/Desktop/Ass/pp_2019_autumn/build/modules/task_1/lembrikov_s_min_elem_vector/CMakeFiles/generate.stamp is up-to-date.
  CMake does not need to re-run because C:/Users/Admin/Desktop/Ass/pp_2019_autumn/build/modules/task_1/makarikhin_max_vector_value/CMakeFiles/generate.stamp is up-to-date.
  CMake does not need to re-run because C:/Users/Admin/Desktop/Ass/pp_2019_autumn/build/modules/task_1/makarova_v_vector_min/CMakeFiles/generate.stamp is up-to-date.
  CMake does not need to re-run because C:/Users/Admin/Desktop/Ass/pp_2019_autumn/build/modules/task_1/maximova_i_sum_val_in_rows_mtx/CMakeFiles/generate.stamp is up-to-date.
  CMake does not need to re-run because C:/Users/Admin/Desktop/Ass/pp_2019_autumn/build/modules/task_1/mityagina_d_sum_of_matrix_elements/CMakeFiles/generate.stamp is up-to-date.
  CMake does not need to re-run because C:/Users/Admin/Desktop/Ass/pp_2019_autumn/build/modules/task_1/myshkin_a_min_matrix/CMakeFiles/generate.stamp is up-to-date.
  CMake does not need to re-run because C:/Users/Admin/Desktop/Ass/pp_2019_autumn/build/modules/task_1/nazarov_v_matrix_sum/CMakeFiles/generate.stamp is up-to-date.
  CMake does not need to re-run because C:/Users/Admin/Desktop/Ass/pp_2019_autumn/build/modules/task_1/nechaeva_k_count_sent_in_row/CMakeFiles/generate.stamp is up-to-date.
  CMake does not need to re-run because C:/Users/Admin/Desktop/Ass/pp_2019_autumn/build/modules/task_1/obolenskiy_a_scalar_product/CMakeFiles/generate.stamp is up-to-date.
  CMake does not need to re-run because C:/Users/Admin/Desktop/Ass/pp_2019_autumn/build/modules/task_1/okmyanskiy_a_sum_val_in_rows/CMakeFiles/generate.stamp is up-to-date.
  CMake does not need to re-run because C:/Users/Admin/Desktop/Ass/pp_2019_autumn/build/modules/task_1/ostapovich_d_max_elem_vector/CMakeFiles/generate.stamp is up-to-date.
  CMake does not need to re-run because C:/Users/Admin/Desktop/Ass/pp_2019_autumn/build/modules/task_1/pauzin_l_min_elem_in_vector/CMakeFiles/generate.stamp is up-to-date.
  CMake does not need to re-run because C:/Users/Admin/Desktop/Ass/pp_2019_autumn/build/modules/task_1/pinaev_d_string_characters_num/CMakeFiles/generate.stamp is up-to-date.
  CMake does not need to re-run because C:/Users/Admin/Desktop/Ass/pp_2019_autumn/build/modules/task_1/rezantsev_s_min_matrix/CMakeFiles/generate.stamp is up-to-date.
  CMake does not need to re-run because C:/Users/Admin/Desktop/Ass/pp_2019_autumn/build/modules/task_1/ryabova_a_count_frequency_char_in_line/CMakeFiles/generate.stamp is up-to-date.
  CMake does not need to re-run because C:/Users/Admin/Desktop/Ass/pp_2019_autumn/build/modules/task_1/sadikov_a_vector_sum/CMakeFiles/generate.stamp is up-to-date.
  CMake does not need to re-run because C:/Users/Admin/Desktop/Ass/pp_2019_autumn/build/modules/task_1/savkin_y_close_values_on_vector/CMakeFiles/generate.stamp is up-to-date.
  CMake does not need to re-run because C:/Users/Admin/Desktop/Ass/pp_2019_autumn/build/modules/task_1/savosina_a_string_sum/CMakeFiles/generate.stamp is up-to-date.
  CMake does not need to re-run because C:/Users/Admin/Desktop/Ass/pp_2019_autumn/build/modules/task_1/shashkin_e_violations_of_order_in_vector/CMakeFiles/generate.stamp is up-to-date.
  CMake does not need to re-run because C:/Users/Admin/Desktop/Ass/pp_2019_autumn/build/modules/task_1/shemetov_p_sum_vector/CMakeFiles/generate.stamp is up-to-date.
  CMake does not need to re-run because C:/Users/Admin/Desktop/Ass/pp_2019_autumn/build/modules/task_1/silenko_d_column_sum_matrix/CMakeFiles/generate.stamp is up-to-date.
  CMake does not need to re-run because C:/Users/Admin/Desktop/Ass/pp_2019_autumn/build/modules/task_1/soboleva_j_max_in_matrix_row/CMakeFiles/generate.stamp is up-to-date.
  CMake does not need to re-run because C:/Users/Admin/Desktop/Ass/pp_2019_autumn/build/modules/task_1/sokolov_a_vector_mid_value/CMakeFiles/generate.stamp is up-to-date.
  CMake does not need to re-run because C:/Users/Admin/Desktop/Ass/pp_2019_autumn/build/modules/task_1/suslov_e_chislo_cheredovaniy/CMakeFiles/generate.stamp is up-to-date.
  CMake does not need to re-run because C:/Users/Admin/Desktop/Ass/pp_2019_autumn/build/modules/task_1/tanskii_u_min_str/CMakeFiles/generate.stamp is up-to-date.
  CMake does not need to re-run because C:/Users/Admin/Desktop/Ass/pp_2019_autumn/build/modules/task_1/tihomirova_m_trapezoid_integration/CMakeFiles/generate.stamp is up-to-date.
  CMake does not need to re-run because C:/Users/Admin/Desktop/Ass/pp_2019_autumn/build/modules/task_1/trenina_e_rect_integral/CMakeFiles/generate.stamp is up-to-date.
  CMake does not need to re-run because C:/Users/Admin/Desktop/Ass/pp_2019_autumn/build/modules/task_1/utkin_k_num_of_alternations/CMakeFiles/generate.stamp is up-to-date.
  CMake does not need to re-run because C:/Users/Admin/Desktop/Ass/pp_2019_autumn/build/modules/task_1/vedrukov_p_freq_symbol_in_a_str/CMakeFiles/generate.stamp is up-to-date.
  CMake does not need to re-run because C:/Users/Admin/Desktop/Ass/pp_2019_autumn/build/modules/task_1/vlasov_a_min_value_rows/CMakeFiles/generate.stamp is up-to-date.
  CMake does not need to re-run because C:/Users/Admin/Desktop/Ass/pp_2019_autumn/build/modules/task_1/yasakova_a_min_val_in_cols_matrix/CMakeFiles/generate.stamp is up-to-date.
  CMake does not need to re-run because C:/Users/Admin/Desktop/Ass/pp_2019_autumn/build/modules/task_1/zhbanova_n_most_diff_vectors_elems/CMakeFiles/generate.stamp is up-to-date.
  CMake does not need to re-run because C:/Users/Admin/Desktop/Ass/pp_2019_autumn/build/modules/task_1/zhivaev_a_sum_cols/CMakeFiles/generate.stamp is up-to-date.
  CMake does not need to re-run because C:/Users/Admin/Desktop/Ass/pp_2019_autumn/build/modules/task_1/zinkov_num_violation_order_vector/CMakeFiles/generate.stamp is up-to-date.
  CMake does not need to re-run because C:/Users/Admin/Desktop/Ass/pp_2019_autumn/build/modules/task_2/CMakeFiles/generate.stamp is up-to-date.
  CMake does not need to re-run because C:/Users/Admin/Desktop/Ass/pp_2019_autumn/build/modules/task_2/andronov_m_ring_topology/CMakeFiles/generate.stamp is up-to-date.
  CMake does not need to re-run because C:/Users/Admin/Desktop/Ass/pp_2019_autumn/build/modules/task_2/astafeva_i_mpi_reduce/CMakeFiles/generate.stamp is up-to-date.
  CMake does not need to re-run because C:/Users/Admin/Desktop/Ass/pp_2019_autumn/build/modules/task_2/denisov_v_matrix_mult_horiz_schem_only_A/CMakeFiles/generate.stamp is up-to-date.
  CMake does not need to re-run because C:/Users/Admin/Desktop/Ass/pp_2019_autumn/build/modules/task_2/devlikamov_v_broadcast/CMakeFiles/generate.stamp is up-to-date.
  CMake does not need to re-run because C:/Users/Admin/Desktop/Ass/pp_2019_autumn/build/modules/task_2/golubev_v_method_of_Seidel/CMakeFiles/generate.stamp is up-to-date.
  CMake does not need to re-run because C:/Users/Admin/Desktop/Ass/pp_2019_autumn/build/modules/task_2/guschin_a_scatter/CMakeFiles/generate.stamp is up-to-date.
  CMake does not need to re-run because C:/Users/Admin/Desktop/Ass/pp_2019_autumn/build/modules/task_2/iamshchikov_i_tor_net_topology/CMakeFiles/generate.stamp is up-to-date.
  CMake does not need to re-run because C:/Users/Admin/Desktop/Ass/pp_2019_autumn/build/modules/task_2/isaev_bubble_sort/CMakeFiles/generate.stamp is up-to-date.
  CMake does not need to re-run because C:/Users/Admin/Desktop/Ass/pp_2019_autumn/build/modules/task_2/konnov_s_matrix_mult_only_hor_a/CMakeFiles/generate.stamp is up-to-date.
  CMake does not need to re-run because C:/Users/Admin/Desktop/Ass/pp_2019_autumn/build/modules/task_2/kurakin_m_linear_topology/CMakeFiles/generate.stamp is up-to-date.
  CMake does not need to re-run because C:/Users/Admin/Desktop/Ass/pp_2019_autumn/build/modules/task_2/lembrikov_s_gor_mat_on_vec/CMakeFiles/generate.stamp is up-to-date.
  CMake does not need to re-run because C:/Users/Admin/Desktop/Ass/pp_2019_autumn/build/modules/task_2/maximova_i_allreduce/CMakeFiles/generate.stamp is up-to-date.
  CMake does not need to re-run because C:/Users/Admin/Desktop/Ass/pp_2019_autumn/build/modules/task_2/mityagina_d_reduce/CMakeFiles/generate.stamp is up-to-date.
  CMake does not need to re-run because C:/Users/Admin/Desktop/Ass/pp_2019_autumn/build/modules/task_2/nechaeva_e_scatter_fun/CMakeFiles/generate.stamp is up-to-date.
  CMake does not need to re-run because C:/Users/Admin/Desktop/Ass/pp_2019_autumn/build/modules/task_2/obolenskiy_a_gaussian_elimination_vertical/CMakeFiles/generate.stamp is up-to-date.
  CMake does not need to re-run because C:/Users/Admin/Desktop/Ass/pp_2019_autumn/build/modules/task_2/poletueva_a_contrast_enhancement/CMakeFiles/generate.stamp is up-to-date.
  CMake does not need to re-run because C:/Users/Admin/Desktop/Ass/pp_2019_autumn/build/modules/task_2/ryabova_a_mpi_allreduce/CMakeFiles/generate.stamp is up-to-date.
  CMake does not need to re-run because C:/Users/Admin/Desktop/Ass/pp_2019_autumn/build/modules/task_2/savkin_y_grid-torus_topology/CMakeFiles/generate.stamp is up-to-date.
  CMake does not need to re-run because C:/Users/Admin/Desktop/Ass/pp_2019_autumn/build/modules/task_2/shemetov_p_network_topology_hypercube/CMakeFiles/generate.stamp is up-to-date.
  CMake does not need to re-run because C:/Users/Admin/Desktop/Ass/pp_2019_autumn/build/modules/task_2/silenko_d_image_smoothing/CMakeFiles/generate.stamp is up-to-date.
  CMake does not need to re-run because C:/Users/Admin/Desktop/Ass/pp_2019_autumn/build/modules/task_2/sokolov_a_dining_philosophers/CMakeFiles/generate.stamp is up-to-date.
  CMake does not need to re-run because C:/Users/Admin/Desktop/Ass/pp_2019_autumn/build/modules/task_2/zhivaev_a_mpi_gather/CMakeFiles/generate.stamp is up-to-date.
  CMake does not need to re-run because C:/Users/Admin/Desktop/Ass/pp_2019_autumn/build/modules/task_2/zinkov_matrix_multiplication_hor_a_ver_b/CMakeFiles/generate.stamp is up-to-date.
  CMake does not need to re-run because C:/Users/Admin/Desktop/Ass/pp_2019_autumn/build/modules/task_3/CMakeFiles/generate.stamp is up-to-date.
  CMake does not need to re-run because C:/Users/Admin/Desktop/Ass/pp_2019_autumn/build/modules/test_tasks/CMakeFiles/generate.stamp is up-to-date.
  CMake does not need to re-run because C:/Users/Admin/Desktop/Ass/pp_2019_autumn/build/modules/test_tasks/test_mpi/CMakeFiles/generate.stamp is up-to-date.
  CMake does not need to re-run because C:/Users/Admin/Desktop/Ass/pp_2019_autumn/build/modules/test_tasks/test_omp/CMakeFiles/generate.stamp is up-to-date.
  CMake does not need to re-run because C:/Users/Admin/Desktop/Ass/pp_2019_autumn/build/modules/test_tasks/test_tbb/CMakeFiles/generate.stamp is up-to-date.
